#
# There is insufficient memory for the Java Runtime Environment to continue.
# Native memory allocation (mmap) failed to map 528482304 bytes for G1 virtual space
# Possible reasons:
#   The system is out of physical RAM or swap space
#   The process is running with CompressedOops enabled, and the Java Heap may be blocking the growth of the native heap
# Possible solutions:
#   Reduce memory load on the system
#   Increase physical memory or swap space
#   Check if swap backing store is full
#   Decrease Java heap size (-Xmx/-Xms)
#   Decrease number of Java threads
#   Decrease Java thread stack sizes (-Xss)
#   Set larger code cache with -XX:ReservedCodeCacheSize=
#   JVM is running with Zero Based Compressed Oops mode in which the Java heap is
#     placed in the first 32GB address space. The Java Heap base address is the
#     maximum limit for the native heap growth. Please use -XX:HeapBaseMinAddress
#     to set the Java Heap base and to place the Java Heap above 32GB virtual address.
# This output file may be truncated or incomplete.
#
#  Out of Memory Error (os_windows.cpp:3548), pid=31308, tid=30484
#
# JRE version:  (17.0.11+7) (build )
# Java VM: Java HotSpot(TM) 64-Bit Server VM (17.0.11+7-LTS-207, mixed mode, sharing, tiered, compressed oops, compressed class ptrs, g1 gc, windows-amd64)
# No core dump will be written. Minidumps are not enabled by default on client versions of Windows
#

---------------  S U M M A R Y ------------

Command Line: -XX:+ShowCodeDetailsInExceptionMessages com.example.exercises.ExerciseApplication

Host: AMD Ryzen 5 5600G with Radeon Graphics         , 12 cores, 31G,  Windows 11 , 64 bit Build 22621 (10.0.22621.3672)
Time: Fri Jul 19 04:38:07 2024 Hora estándar central (México) elapsed time: 0.009818 seconds (0d 0h 0m 0s)

---------------  T H R E A D  ---------------

Current thread (0x000002aefcc8a790):  JavaThread "Unknown thread" [_thread_in_vm, id=30484, stack(0x000000af7c200000,0x000000af7c300000)]

Stack: [0x000000af7c200000,0x000000af7c300000]
Native frames: (J=compiled Java code, j=interpreted, Vv=VM code, C=native code)
V  [jvm.dll+0x679cca]
V  [jvm.dll+0x7da13d]
V  [jvm.dll+0x7dba83]
V  [jvm.dll+0x7dc0f3]
V  [jvm.dll+0x2449af]
V  [jvm.dll+0x676ce9]
V  [jvm.dll+0x66b852]
V  [jvm.dll+0x3018d6]
V  [jvm.dll+0x308e76]
V  [jvm.dll+0x3596ee]
V  [jvm.dll+0x35991f]
V  [jvm.dll+0x2d89a8]
V  [jvm.dll+0x2d9914]
V  [jvm.dll+0x7ac6b1]
V  [jvm.dll+0x366f61]
V  [jvm.dll+0x78b609]
V  [jvm.dll+0x3ec22f]
V  [jvm.dll+0x3ede61]
C  [jli.dll+0x5297]
C  [ucrtbase.dll+0x29333]
C  [KERNEL32.DLL+0x1257d]
C  [ntdll.dll+0x5af28]


---------------  P R O C E S S  ---------------

Threads class SMR info:
_java_thread_list=0x00007ffa1eec7a18, length=0, elements={
}

Java Threads: ( => current thread )

Other Threads:
  0x000002aefee86300 GCTaskThread "GC Thread#0" [stack: 0x000000af7c300000,0x000000af7c400000] [id=9532]
  0x000002aefee96c30 ConcurrentGCThread "G1 Main Marker" [stack: 0x000000af7c400000,0x000000af7c500000] [id=32188]
  0x000002aefee97cf0 ConcurrentGCThread "G1 Conc#0" [stack: 0x000000af7c500000,0x000000af7c600000] [id=2516]

[error occurred during error reporting (printing all threads), id 0xc0000005, EXCEPTION_ACCESS_VIOLATION (0xc0000005) at pc=0x00007ffa1e6f9497]

VM state: not at safepoint (not fully initialized)

VM Mutex/Monitor currently owned by a thread:  ([mutex/lock_event])
[0x000002aefedd4300] Heap_lock - owner thread: 0x000002aefcc8a790

Heap address: 0x000000060b400000, size: 8012 MB, Compressed Oops mode: Zero based, Oop shift amount: 3

CDS archive(s) mapped at: [0x0000000000000000-0x0000000000000000-0x0000000000000000), size 0, SharedBaseAddress: 0x0000000800000000, ArchiveRelocationMode: 1.
Narrow klass base: 0x0000000000000000, Narrow klass shift: 0, Narrow klass range: 0x0

GC Precious Log:
<Empty>

Heap:
 garbage-first heap   total 0K, used 0K [0x000000060b400000, 0x0000000800000000)
  region size 4096K, 0 young (0K), 0 survivors (0K)

[error occurred during error reporting (printing heap information), id 0xc0000005, EXCEPTION_ACCESS_VIOLATION (0xc0000005) at pc=0x00007ffa1eae3559]

GC Heap History (0 events):
No events

Deoptimization events (0 events):
No events

Classes unloaded (0 events):
No events

Classes redefined (0 events):
No events

Internal exceptions (0 events):
No events

VM Operations (0 events):
No events

Events (1 events):
Event: 0.006 Loaded shared library C:\Program Files\Java\jdk-17\bin\java.dll


Dynamic libraries:
0x00007ff771f10000 - 0x00007ff771f20000 	C:\Program Files\Java\jdk-17\bin\java.exe
0x00007ffac00b0000 - 0x00007ffac02c7000 	C:\Windows\SYSTEM32\ntdll.dll
0x00007ffabee80000 - 0x00007ffabef44000 	C:\Windows\System32\KERNEL32.DLL
0x00007ffabd3e0000 - 0x00007ffabd78d000 	C:\Windows\System32\KERNELBASE.dll
0x00007ffabdcd0000 - 0x00007ffabdde1000 	C:\Windows\System32\ucrtbase.dll
0x00007ffab1130000 - 0x00007ffab1149000 	C:\Program Files\Java\jdk-17\bin\jli.dll
0x00007ffaaa730000 - 0x00007ffaaa74b000 	C:\Program Files\Java\jdk-17\bin\VCRUNTIME140.dll
0x00007ffabddf0000 - 0x00007ffabdea2000 	C:\Windows\System32\ADVAPI32.dll
0x00007ffabfec0000 - 0x00007ffabff67000 	C:\Windows\System32\msvcrt.dll
0x00007ffabe960000 - 0x00007ffabea09000 	C:\Windows\System32\sechost.dll
0x00007ffabdbe0000 - 0x00007ffabdc08000 	C:\Windows\System32\bcrypt.dll
0x00007ffabe2d0000 - 0x00007ffabe3e4000 	C:\Windows\System32\RPCRT4.dll
0x00007ffabe3f0000 - 0x00007ffabe59e000 	C:\Windows\System32\USER32.dll
0x00007ffaa48d0000 - 0x00007ffaa4b63000 	C:\Windows\WinSxS\amd64_microsoft.windows.common-controls_6595b64144ccf1df_6.0.22621.3672_none_2713b9d173822955\COMCTL32.dll
0x00007ffabd790000 - 0x00007ffabd7b6000 	C:\Windows\System32\win32u.dll
0x00007ffabeff0000 - 0x00007ffabf019000 	C:\Windows\System32\GDI32.dll
0x00007ffabda40000 - 0x00007ffabdb59000 	C:\Windows\System32\gdi32full.dll
0x00007ffabd830000 - 0x00007ffabd8ca000 	C:\Windows\System32\msvcp_win.dll
0x00007ffaba020000 - 0x00007ffaba02a000 	C:\Windows\SYSTEM32\VERSION.dll
0x00007ffabf4d0000 - 0x00007ffabf501000 	C:\Windows\System32\IMM32.DLL
0x00007ffab9190000 - 0x00007ffab919c000 	C:\Program Files\Java\jdk-17\bin\vcruntime140_1.dll
0x00007ffaa2400000 - 0x00007ffaa248e000 	C:\Program Files\Java\jdk-17\bin\msvcp140.dll
0x00007ffa1e410000 - 0x00007ffa1eff0000 	C:\Program Files\Java\jdk-17\bin\server\jvm.dll
0x00007ffabf4c0000 - 0x00007ffabf4c8000 	C:\Windows\System32\PSAPI.DLL
0x00007ffab9250000 - 0x00007ffab9259000 	C:\Windows\SYSTEM32\WSOCK32.dll
0x00007ffab67a0000 - 0x00007ffab67d4000 	C:\Windows\SYSTEM32\WINMM.dll
0x00007ffabeda0000 - 0x00007ffabee11000 	C:\Windows\System32\WS2_32.dll
0x00007ffabc310000 - 0x00007ffabc328000 	C:\Windows\SYSTEM32\kernel.appcore.dll
0x00007ffab9210000 - 0x00007ffab921a000 	C:\Program Files\Java\jdk-17\bin\jimage.dll
0x00007ffab3a10000 - 0x00007ffab3c42000 	C:\Windows\SYSTEM32\DBGHELP.DLL
0x00007ffabea10000 - 0x00007ffabed98000 	C:\Windows\System32\combase.dll
0x00007ffabe880000 - 0x00007ffabe957000 	C:\Windows\System32\OLEAUT32.dll
0x00007ffaa4740000 - 0x00007ffaa4772000 	C:\Windows\SYSTEM32\dbgcore.DLL
0x00007ffabdb60000 - 0x00007ffabdbdb000 	C:\Windows\System32\bcryptPrimitives.dll
0x00007ffab0ce0000 - 0x00007ffab0d05000 	C:\Program Files\Java\jdk-17\bin\java.dll

dbghelp: loaded successfully - version: 4.0.5 - missing functions: none
symbol engine: initialized successfully - sym options: 0x614 - pdb path: .;C:\Program Files\Java\jdk-17\bin;C:\Windows\SYSTEM32;C:\Windows\WinSxS\amd64_microsoft.windows.common-controls_6595b64144ccf1df_6.0.22621.3672_none_2713b9d173822955;C:\Program Files\Java\jdk-17\bin\server

VM Arguments:
jvm_args: -XX:+ShowCodeDetailsInExceptionMessages 
java_command: com.example.exercises.ExerciseApplication
java_class_path (initial): E:\Trabajo VAMOS\Generation _Dev_2024\Porfolio_entrevistas\Softteck\exercises\bin\main;C:\Users\takit\.gradle\caches\modules-2\files-2.1\org.springframework.boot\spring-boot-starter\3.3.2\f9377a223dab5c4afe7aead05bf6ac567cf565ab\spring-boot-starter-3.3.2.jar;C:\Users\takit\.gradle\caches\modules-2\files-2.1\org.springframework.boot\spring-boot-autoconfigure\3.3.2\6a9ab910b00f0b504a5903e3680ac10018da6247\spring-boot-autoconfigure-3.3.2.jar;C:\Users\takit\.gradle\caches\modules-2\files-2.1\org.springframework.boot\spring-boot\3.3.2\72a257d5518b2b8b9949a26543cdb3a4e67de5f8\spring-boot-3.3.2.jar;C:\Users\takit\.gradle\caches\modules-2\files-2.1\org.springframework.boot\spring-boot-starter-logging\3.3.2\b685c97f3c24dc30c53ae18151a798f701f2a640\spring-boot-starter-logging-3.3.2.jar;C:\Users\takit\.gradle\caches\modules-2\files-2.1\jakarta.annotation\jakarta.annotation-api\2.1.1\48b9bda22b091b1f48b13af03fe36db3be6e1ae3\jakarta.annotation-api-2.1.1.jar;C:\Users\takit\.gradle\caches\modules-2\files-2.1\org.springframework\spring-context\6.1.11\8fc69f776333713aa26be8821af8c6355ccad8d8\spring-context-6.1.11.jar;C:\Users\takit\.gradle\caches\modules-2\files-2.1\org.springframework\spring-aop\6.1.11\3503ef99b759b81f8b0b3d5260bf4842e393a581\spring-aop-6.1.11.jar;C:\Users\takit\.gradle\caches\modules-2\files-2.1\org.springframework\spring-beans\6.1.11\266176d132ab2bbf8e69e4aa6d7f47ec746ddc9a\spring-beans-6.1.11.jar;C:\Users\takit\.gradle\caches\modules-2\files-2.1\org.springframework\spring-expression\6.1.11\7c12cf1cd39289cfab7c5933eda9e4704a7f2799\spring-expression-6.1.11.jar;C:\Users\takit\.gradle\caches\modules-2\files-2.1\org.springframework\spring-core\6.1.11\90fce4311852c68c1e87c65adf60db9add1a6dcb\spring-core-6.1.11.jar;C:\Users\takit\.gradle\caches\modules-2\files-2.1\org.yaml\snakeyaml\2.2\3af797a25458550a16bf89acc8e4ab2b7f2bfce0\snakeyaml-2.2.jar;C:\Users\takit\.gradle\caches\modules-2\files-2.1\ch.qos.logback\logback-classic\1.5.6\afc75d260d
Launcher Type: SUN_STANDARD

[Global flags]
     intx CICompilerCount                          = 4                                         {product} {ergonomic}
     uint ConcGCThreads                            = 3                                         {product} {ergonomic}
     uint G1ConcRefinementThreads                  = 10                                        {product} {ergonomic}
   size_t G1HeapRegionSize                         = 4194304                                   {product} {ergonomic}
    uintx GCDrainStackTargetSize                   = 64                                        {product} {ergonomic}
   size_t InitialHeapSize                          = 528482304                                 {product} {ergonomic}
   size_t MarkStackSize                            = 4194304                                   {product} {ergonomic}
   size_t MaxHeapSize                              = 8401190912                                {product} {ergonomic}
   size_t MinHeapDeltaBytes                        = 4194304                                   {product} {ergonomic}
   size_t MinHeapSize                              = 8388608                                   {product} {ergonomic}
    uintx NonNMethodCodeHeapSize                   = 5839372                                {pd product} {ergonomic}
    uintx NonProfiledCodeHeapSize                  = 122909434                              {pd product} {ergonomic}
    uintx ProfiledCodeHeapSize                     = 122909434                              {pd product} {ergonomic}
    uintx ReservedCodeCacheSize                    = 251658240                              {pd product} {ergonomic}
     bool SegmentedCodeCache                       = true                                      {product} {ergonomic}
     bool ShowCodeDetailsInExceptionMessages       = true                                   {manageable} {command line}
   size_t SoftMaxHeapSize                          = 8401190912                             {manageable} {ergonomic}
     bool UseCompressedClassPointers               = true                           {product lp64_product} {ergonomic}
     bool UseCompressedOops                        = true                           {product lp64_product} {ergonomic}
     bool UseG1GC                                  = true                                      {product} {ergonomic}
     bool UseLargePagesIndividualAllocation        = false                                  {pd product} {ergonomic}

Logging:
Log output configuration:
 #0: stdout all=warning uptime,level,tags
 #1: stderr all=off uptime,level,tags

Environment Variables:
JAVA_HOME=C:\Program Files\Java\jdk-17
PATH=C:\Program Files\Java\jdk-17\bin;C:\Windows\system32;C:\Windows;C:\Windows\System32\Wbem;C:\Windows\System32\WindowsPowerShell\v1.0\;C:\Windows\System32\OpenSSH\;C:\Program Files\dotnet\;C:\Program Files\Git\cmd;C:\Gradle\gradle-8.7\bin;C:\Program Files\nodejs\;C:\Program Files\Docker\Docker\resources\bin;C:\Users\takit\AppData\Local\Programs\Python\Python311\Scripts\;C:\Users\takit\AppData\Local\Programs\Python\Python311\;C:\Users\takit\AppData\Local\Microsoft\WindowsApps;C:\Users\takit\AppData\Local\Programs\Microsoft VS Code\bin;C:\Program Files\JetBrains\IntelliJ IDEA Community Edition 2023.3.3\bin;;C:\Exercism;C:\Users\takit\AppData\Roaming\npm
USERNAME=takit
LANG=en_US.UTF-8
OS=Windows_NT
PROCESSOR_IDENTIFIER=AMD64 Family 25 Model 80 Stepping 0, AuthenticAMD



---------------  S Y S T E M  ---------------

OS:
 Windows 11 , 64 bit Build 22621 (10.0.22621.3672)
OS uptime: 1 days 7:31 hours
Hyper-V role detected

CPU: total 12 (initial active 12) (12 cores per cpu, 2 threads per core) family 25 model 80 stepping 0 microcode 0x0, cx8, cmov, fxsr, ht, mmx, 3dnowpref, sse, sse2, sse3, ssse3, sse4a, sse4.1, sse4.2, popcnt, lzcnt, tsc, tscinvbit, avx, avx2, aes, erms, clmul, bmi1, bmi2, adx, sha, fma, vzeroupper, clflush, clflushopt, hv

Memory: 4k page, system-wide physical 32042M (13220M free)
TotalPageFile size 40045M (AvailPageFile size 185M)
current process WorkingSet (physical memory assigned to process): 11M, peak: 11M
current process commit charge ("private bytes"): 64M, peak: 568M

vm_info: Java HotSpot(TM) 64-Bit Server VM (17.0.11+7-LTS-207) for windows-amd64 JRE (17.0.11+7-LTS-207), built on Mar 11 2024 19:01:50 by "mach5one" with MS VC++ 17.6 (VS2022)

END.
