#
# There is insufficient memory for the Java Runtime Environment to continue.
# Native memory allocation (mmap) failed to map 528482304 bytes for G1 virtual space
# Possible reasons:
#   The system is out of physical RAM or swap space
#   The process is running with CompressedOops enabled, and the Java Heap may be blocking the growth of the native heap
# Possible solutions:
#   Reduce memory load on the system
#   Increase physical memory or swap space
#   Check if swap backing store is full
#   Decrease Java heap size (-Xmx/-Xms)
#   Decrease number of Java threads
#   Decrease Java thread stack sizes (-Xss)
#   Set larger code cache with -XX:ReservedCodeCacheSize=
#   JVM is running with Zero Based Compressed Oops mode in which the Java heap is
#     placed in the first 32GB address space. The Java Heap base address is the
#     maximum limit for the native heap growth. Please use -XX:HeapBaseMinAddress
#     to set the Java Heap base and to place the Java Heap above 32GB virtual address.
# This output file may be truncated or incomplete.
#
#  Out of Memory Error (os_windows.cpp:3548), pid=32400, tid=33540
#
# JRE version:  (17.0.11+7) (build )
# Java VM: Java HotSpot(TM) 64-Bit Server VM (17.0.11+7-LTS-207, mixed mode, sharing, tiered, compressed oops, compressed class ptrs, g1 gc, windows-amd64)
# No core dump will be written. Minidumps are not enabled by default on client versions of Windows
#

---------------  S U M M A R Y ------------

Command Line: -XX:+ShowCodeDetailsInExceptionMessages com.example.exercises.ExerciseApplication

Host: AMD Ryzen 5 5600G with Radeon Graphics         , 12 cores, 31G,  Windows 11 , 64 bit Build 22621 (10.0.22621.3672)
Time: Mon Jul 22 23:41:45 2024 Hora estándar central (México) elapsed time: 0.012118 seconds (0d 0h 0m 0s)

---------------  T H R E A D  ---------------

Current thread (0x00000192a2411a20):  JavaThread "Unknown thread" [_thread_in_vm, id=33540, stack(0x000000307ba00000,0x000000307bb00000)]

Stack: [0x000000307ba00000,0x000000307bb00000]
Native frames: (J=compiled Java code, j=interpreted, Vv=VM code, C=native code)
V  [jvm.dll+0x679cca]
V  [jvm.dll+0x7da13d]
V  [jvm.dll+0x7dba83]
V  [jvm.dll+0x7dc0f3]
V  [jvm.dll+0x2449af]
V  [jvm.dll+0x676ce9]
V  [jvm.dll+0x66b852]
V  [jvm.dll+0x3018d6]
V  [jvm.dll+0x308e76]
V  [jvm.dll+0x3596ee]
V  [jvm.dll+0x35991f]
V  [jvm.dll+0x2d89a8]
V  [jvm.dll+0x2d9914]
V  [jvm.dll+0x7ac6b1]
V  [jvm.dll+0x366f61]
V  [jvm.dll+0x78b609]
V  [jvm.dll+0x3ec22f]
V  [jvm.dll+0x3ede61]
C  [jli.dll+0x5297]
C  [ucrtbase.dll+0x29333]
C  [KERNEL32.DLL+0x1257d]
C  [ntdll.dll+0x5af28]


---------------  P R O C E S S  ---------------

Threads class SMR info:
_java_thread_list=0x00007ffda18c7a18, length=0, elements={
}

Java Threads: ( => current thread )

Other Threads:
  0x00000192a24c5710 GCTaskThread "GC Thread#0" [stack: 0x000000307bb00000,0x000000307bc00000] [id=25520]
  0x00000192a24d6130 ConcurrentGCThread "G1 Main Marker" [stack: 0x000000307bc00000,0x000000307bd00000] [id=14376]
  0x00000192a24d6b40 ConcurrentGCThread "G1 Conc#0" [stack: 0x000000307bd00000,0x000000307be00000] [id=31572]

[error occurred during error reporting (printing all threads), id 0xc0000005, EXCEPTION_ACCESS_VIOLATION (0xc0000005) at pc=0x00007ffda10f9497]

VM state: not at safepoint (not fully initialized)

VM Mutex/Monitor currently owned by a thread:  ([mutex/lock_event])
[0x00000192a240dbd0] Heap_lock - owner thread: 0x00000192a2411a20

Heap address: 0x000000060b400000, size: 8012 MB, Compressed Oops mode: Zero based, Oop shift amount: 3

CDS archive(s) mapped at: [0x0000000000000000-0x0000000000000000-0x0000000000000000), size 0, SharedBaseAddress: 0x0000000800000000, ArchiveRelocationMode: 1.
Narrow klass base: 0x0000000000000000, Narrow klass shift: 0, Narrow klass range: 0x0

GC Precious Log:
<Empty>

Heap:
 garbage-first heap   total 0K, used 0K [0x000000060b400000, 0x0000000800000000)
  region size 4096K, 0 young (0K), 0 survivors (0K)

[error occurred during error reporting (printing heap information), id 0xc0000005, EXCEPTION_ACCESS_VIOLATION (0xc0000005) at pc=0x00007ffda14e3559]

GC Heap History (0 events):
No events

Deoptimization events (0 events):
No events

Classes unloaded (0 events):
No events

Classes redefined (0 events):
No events

Internal exceptions (0 events):
No events

VM Operations (0 events):
No events

Events (1 events):
Event: 0.007 Loaded shared library C:\Program Files\Java\jdk-17\bin\java.dll


Dynamic libraries:
0x00007ff6ae740000 - 0x00007ff6ae750000 	C:\Program Files\Java\jdk-17\bin\java.exe
0x00007ffe485f0000 - 0x00007ffe48807000 	C:\Windows\SYSTEM32\ntdll.dll
0x00007ffe47110000 - 0x00007ffe471d4000 	C:\Windows\System32\KERNEL32.DLL
0x00007ffe45a70000 - 0x00007ffe45e1d000 	C:\Windows\System32\KERNELBASE.dll
0x00007ffe45920000 - 0x00007ffe45a31000 	C:\Windows\System32\ucrtbase.dll
0x00007ffda1aa0000 - 0x00007ffda1abb000 	C:\Program Files\Java\jdk-17\bin\VCRUNTIME140.dll
0x00007ffda1a80000 - 0x00007ffda1a99000 	C:\Program Files\Java\jdk-17\bin\jli.dll
0x00007ffe47000000 - 0x00007ffe470b2000 	C:\Windows\System32\ADVAPI32.dll
0x00007ffe47690000 - 0x00007ffe47737000 	C:\Windows\System32\msvcrt.dll
0x00007ffe47580000 - 0x00007ffe47629000 	C:\Windows\System32\sechost.dll
0x00007ffe45e20000 - 0x00007ffe45e48000 	C:\Windows\System32\bcrypt.dll
0x00007ffe471e0000 - 0x00007ffe472f4000 	C:\Windows\System32\RPCRT4.dll
0x00007ffe483f0000 - 0x00007ffe4859e000 	C:\Windows\System32\USER32.dll
0x00007ffe45a40000 - 0x00007ffe45a66000 	C:\Windows\System32\win32u.dll
0x00007ffe46e50000 - 0x00007ffe46e79000 	C:\Windows\System32\GDI32.dll
0x00007ffe2e750000 - 0x00007ffe2e9e3000 	C:\Windows\WinSxS\amd64_microsoft.windows.common-controls_6595b64144ccf1df_6.0.22621.3672_none_2713b9d173822955\COMCTL32.dll
0x00007ffe46210000 - 0x00007ffe46329000 	C:\Windows\System32\gdi32full.dll
0x00007ffe45f10000 - 0x00007ffe45faa000 	C:\Windows\System32\msvcp_win.dll
0x00007ffe42340000 - 0x00007ffe4234a000 	C:\Windows\SYSTEM32\VERSION.dll
0x00007ffe470d0000 - 0x00007ffe47101000 	C:\Windows\System32\IMM32.DLL
0x00007ffdada10000 - 0x00007ffdada1c000 	C:\Program Files\Java\jdk-17\bin\vcruntime140_1.dll
0x00007ffda19f0000 - 0x00007ffda1a7e000 	C:\Program Files\Java\jdk-17\bin\msvcp140.dll
0x00007ffda0e10000 - 0x00007ffda19f0000 	C:\Program Files\Java\jdk-17\bin\server\jvm.dll
0x00007ffe48220000 - 0x00007ffe48228000 	C:\Windows\System32\PSAPI.DLL
0x00007ffdc1380000 - 0x00007ffdc1389000 	C:\Windows\SYSTEM32\WSOCK32.dll
0x00007ffe46f30000 - 0x00007ffe46fa1000 	C:\Windows\System32\WS2_32.dll
0x00007ffe3ee80000 - 0x00007ffe3eeb4000 	C:\Windows\SYSTEM32\WINMM.dll
0x00007ffe44850000 - 0x00007ffe44868000 	C:\Windows\SYSTEM32\kernel.appcore.dll
0x00007ffda0e00000 - 0x00007ffda0e0a000 	C:\Program Files\Java\jdk-17\bin\jimage.dll
0x00007ffe3c900000 - 0x00007ffe3cb32000 	C:\Windows\SYSTEM32\DBGHELP.DLL
0x00007ffe47db0000 - 0x00007ffe48138000 	C:\Windows\System32\combase.dll
0x00007ffe48140000 - 0x00007ffe48217000 	C:\Windows\System32\OLEAUT32.dll
0x00007ffe3b820000 - 0x00007ffe3b852000 	C:\Windows\SYSTEM32\dbgcore.DLL
0x00007ffe45fb0000 - 0x00007ffe4602b000 	C:\Windows\System32\bcryptPrimitives.dll
0x00007ffda0dd0000 - 0x00007ffda0df5000 	C:\Program Files\Java\jdk-17\bin\java.dll

dbghelp: loaded successfully - version: 4.0.5 - missing functions: none
symbol engine: initialized successfully - sym options: 0x614 - pdb path: .;C:\Program Files\Java\jdk-17\bin;C:\Windows\SYSTEM32;C:\Windows\WinSxS\amd64_microsoft.windows.common-controls_6595b64144ccf1df_6.0.22621.3672_none_2713b9d173822955;C:\Program Files\Java\jdk-17\bin\server

VM Arguments:
jvm_args: -XX:+ShowCodeDetailsInExceptionMessages 
java_command: com.example.exercises.ExerciseApplication
java_class_path (initial): E:\Trabajo VAMOS\Generation _Dev_2024\Porfolio_entrevistas\Softteck\exercises\build\resources\main;E:\Trabajo VAMOS\Generation _Dev_2024\Porfolio_entrevistas\Softteck\exercises\build\classes\java\main;C:\Users\takit\.gradle\caches\modules-2\files-2.1\org.springframework.boot\spring-boot-autoconfigure\3.3.2\6a9ab910b00f0b504a5903e3680ac10018da6247\spring-boot-autoconfigure-3.3.2.jar;C:\Users\takit\.gradle\caches\modules-2\files-2.1\org.springframework\spring-aop\6.1.11\3503ef99b759b81f8b0b3d5260bf4842e393a581\spring-aop-6.1.11.jar;C:\Users\takit\.gradle\caches\modules-2\files-2.1\org.slf4j\jul-to-slf4j\2.0.13\a3bcd9d9dd50c71ce69f06b1fd05e40fdeff6ba5\jul-to-slf4j-2.0.13.jar;C:\Users\takit\.gradle\caches\modules-2\files-2.1\org.springframework\spring-jcl\6.1.11\97b34c6b72c8084759e71cd09a7dad16bfb8f1da\spring-jcl-6.1.11.jar;C:\Users\takit\.gradle\caches\modules-2\files-2.1\org.springframework\spring-beans\6.1.11\266176d132ab2bbf8e69e4aa6d7f47ec746ddc9a\spring-beans-6.1.11.jar;C:\Users\takit\.gradle\caches\modules-2\files-2.1\org.springframework.boot\spring-boot\3.3.2\72a257d5518b2b8b9949a26543cdb3a4e67de5f8\spring-boot-3.3.2.jar;C:\Users\takit\.gradle\caches\modules-2\files-2.1\org.springframework.boot\spring-boot-starter-logging\3.3.2\b685c97f3c24dc30c53ae18151a798f701f2a640\spring-boot-starter-logging-3.3.2.jar;C:\Users\takit\.gradle\caches\modules-2\files-2.1\jakarta.annotation\jakarta.annotation-api\2.1.1\48b9bda22b091b1f48b13af03fe36db3be6e1ae3\jakarta.annotation-api-2.1.1.jar;C:\Users\takit\.gradle\caches\modules-2\files-2.1\io.micrometer\micrometer-commons\1.13.2\b2b69f7887f9bf6f5ae42e86a67a62367056aa3c\micrometer-commons-1.13.2.jar;C:\Users\takit\.gradle\caches\modules-2\files-2.1\org.springframework\spring-core\6.1.11\90fce4311852c68c1e87c65adf60db9add1a6dcb\spring-core-6.1.11.jar;C:\Users\takit\.gradle\caches\modules-2\files-2.1\org.apache.logging.log4j\log4j-api\2.23.1\9c15c29c526d9c6783049c0a77722693c66706e1\log4j-api-2.23.1.jar;
Launcher Type: SUN_STANDARD

[Global flags]
     intx CICompilerCount                          = 4                                         {product} {ergonomic}
     uint ConcGCThreads                            = 3                                         {product} {ergonomic}
     uint G1ConcRefinementThreads                  = 10                                        {product} {ergonomic}
   size_t G1HeapRegionSize                         = 4194304                                   {product} {ergonomic}
    uintx GCDrainStackTargetSize                   = 64                                        {product} {ergonomic}
   size_t InitialHeapSize                          = 528482304                                 {product} {ergonomic}
   size_t MarkStackSize                            = 4194304                                   {product} {ergonomic}
   size_t MaxHeapSize                              = 8401190912                                {product} {ergonomic}
   size_t MinHeapDeltaBytes                        = 4194304                                   {product} {ergonomic}
   size_t MinHeapSize                              = 8388608                                   {product} {ergonomic}
    uintx NonNMethodCodeHeapSize                   = 5839372                                {pd product} {ergonomic}
    uintx NonProfiledCodeHeapSize                  = 122909434                              {pd product} {ergonomic}
    uintx ProfiledCodeHeapSize                     = 122909434                              {pd product} {ergonomic}
    uintx ReservedCodeCacheSize                    = 251658240                              {pd product} {ergonomic}
     bool SegmentedCodeCache                       = true                                      {product} {ergonomic}
     bool ShowCodeDetailsInExceptionMessages       = true                                   {manageable} {command line}
   size_t SoftMaxHeapSize                          = 8401190912                             {manageable} {ergonomic}
     bool UseCompressedClassPointers               = true                           {product lp64_product} {ergonomic}
     bool UseCompressedOops                        = true                           {product lp64_product} {ergonomic}
     bool UseG1GC                                  = true                                      {product} {ergonomic}
     bool UseLargePagesIndividualAllocation        = false                                  {pd product} {ergonomic}

Logging:
Log output configuration:
 #0: stdout all=warning uptime,level,tags
 #1: stderr all=off uptime,level,tags

Environment Variables:
JAVA_HOME=C:\Program Files\Java\jdk-17
PATH=C:\Program Files\Java\jdk-17\bin;C:\Windows\system32;C:\Windows;C:\Windows\System32\Wbem;C:\Windows\System32\WindowsPowerShell\v1.0\;C:\Windows\System32\OpenSSH\;C:\Program Files\dotnet\;C:\Program Files\Git\cmd;C:\Gradle\gradle-8.7\bin;C:\Program Files\nodejs\;C:\Program Files\Docker\Docker\resources\bin;C:\Users\takit\AppData\Local\Programs\Python\Python311\Scripts\;C:\Users\takit\AppData\Local\Programs\Python\Python311\;C:\Users\takit\AppData\Local\Microsoft\WindowsApps;C:\Users\takit\AppData\Local\Programs\Microsoft VS Code\bin;C:\Program Files\JetBrains\IntelliJ IDEA Community Edition 2023.3.3\bin;;C:\Exercism;C:\Users\takit\AppData\Roaming\npm
USERNAME=takit
LANG=en_US.UTF-8
OS=Windows_NT
PROCESSOR_IDENTIFIER=AMD64 Family 25 Model 80 Stepping 0, AuthenticAMD



---------------  S Y S T E M  ---------------

OS:
 Windows 11 , 64 bit Build 22621 (10.0.22621.3672)
OS uptime: 0 days 11:14 hours
Hyper-V role detected

CPU: total 12 (initial active 12) (12 cores per cpu, 2 threads per core) family 25 model 80 stepping 0 microcode 0x0, cx8, cmov, fxsr, ht, mmx, 3dnowpref, sse, sse2, sse3, ssse3, sse4a, sse4.1, sse4.2, popcnt, lzcnt, tsc, tscinvbit, avx, avx2, aes, erms, clmul, bmi1, bmi2, adx, sha, fma, vzeroupper, clflush, clflushopt, hv

Memory: 4k page, system-wide physical 32042M (13895M free)
TotalPageFile size 41794M (AvailPageFile size 451M)
current process WorkingSet (physical memory assigned to process): 11M, peak: 11M
current process commit charge ("private bytes"): 64M, peak: 568M

vm_info: Java HotSpot(TM) 64-Bit Server VM (17.0.11+7-LTS-207) for windows-amd64 JRE (17.0.11+7-LTS-207), built on Mar 11 2024 19:01:50 by "mach5one" with MS VC++ 17.6 (VS2022)

END.
